# JRE version: Java(TM) SE Runtime Environment (23.0+37) (build 23+37-2369)
# Java VM: Java HotSpot(TM) 64-Bit Server VM (23+37-2369, mixed mode, sharing, tiered, compressed oops, compressed class ptrs, g1 gc, windows-amd64)
GC Precious Log:
 CardTable entry size: 512
 Card Set container configuration: InlinePtr #cards 4 size 8 Array Of Cards #cards 32 size 80 Howl #buckets 8 coarsen threshold 7372 Howl Bitmap #cards 1024 size 144 coarsen threshold 921 Card regions per heap region 1 cards per card region 8192
 CPUs: 4 total, 4 available
 Memory: 3836M
 Large Page Support: Disabled
 NUMA Support: Disabled
 Compressed Oops: Enabled (Zero based)
 Heap Region Size: 4M
 Heap Min Capacity: 8M
 Heap Initial Capacity: 60M
 Heap Max Capacity: 8G
 Pre-touch: Disabled
 Parallel Workers: 4
 Concurrent Workers: 1
 Concurrent Refinement Workers: 4
 Periodic GC: Disabled
Heap:
 garbage-first heap   total reserved 8388608K, committed 339968K, used 257396K [0x0000000600000000, 0x0000000800000000)
  region size 4096K, 18 young (73728K), 3 survivors (12288K)
 Metaspace       used 175149K, committed 178240K, reserved 1245184K
  class space    used 24029K, committed 25472K, reserved 1048576K
GC Heap History (20 events):
Event: 101.180 GC heap before
{Heap before GC invocations=73 (full 0):
 garbage-first heap   total reserved 8388608K, committed 233472K, used 211370K [0x0000000600000000, 0x0000000800000000)
  region size 4096K, 16 young (65536K), 3 survivors (12288K)
 Metaspace       used 116723K, committed 119168K, reserved 1179648K
  class space    used 16671K, committed 17792K, reserved 1048576K
}
Event: 101.207 GC heap after
{Heap after GC invocations=74 (full 0):
 garbage-first heap   total reserved 8388608K, committed 233472K, used 162788K [0x0000000600000000, 0x0000000800000000)
  region size 4096K, 2 young (8192K), 2 survivors (8192K)
 Metaspace       used 116723K, committed 119168K, reserved 1179648K
  class space    used 16671K, committed 17792K, reserved 1048576K
}
Event: 102.210 GC heap before
{Heap before GC invocations=74 (full 0):
 garbage-first heap   total reserved 8388608K, committed 233472K, used 203748K [0x0000000600000000, 0x0000000800000000)
  region size 4096K, 12 young (49152K), 2 survivors (8192K)
 Metaspace       used 121411K, committed 124288K, reserved 1179648K
  class space    used 17281K, committed 18624K, reserved 1048576K
}
Event: 102.234 GC heap after
{Heap after GC invocations=75 (full 0):
 garbage-first heap   total reserved 8388608K, committed 233472K, used 165343K [0x0000000600000000, 0x0000000800000000)
  region size 4096K, 1 young (4096K), 1 survivors (4096K)
 Metaspace       used 121411K, committed 124288K, reserved 1179648K
  class space    used 17281K, committed 18624K, reserved 1048576K
}
Event: 103.708 GC heap before
{Heap before GC invocations=76 (full 0):
 garbage-first heap   total reserved 8388608K, committed 282624K, used 210399K [0x0000000600000000, 0x0000000800000000)
  region size 4096K, 12 young (49152K), 1 survivors (4096K)
 Metaspace       used 126633K, committed 129408K, reserved 1179648K
  class space    used 18008K, committed 19328K, reserved 1048576K
}
Event: 103.718 GC heap after
{Heap after GC invocations=77 (full 0):
 garbage-first heap   total reserved 8388608K, committed 282624K, used 168091K [0x0000000600000000, 0x0000000800000000)
  region size 4096K, 2 young (8192K), 2 survivors (8192K)
 Metaspace       used 126633K, committed 129408K, reserved 1179648K
  class space    used 18008K, committed 19328K, reserved 1048576K
}
Event: 106.165 GC heap before
{Heap before GC invocations=77 (full 0):
 garbage-first heap   total reserved 8388608K, committed 282624K, used 245915K [0x0000000600000000, 0x0000000800000000)
  region size 4096K, 21 young (86016K), 2 survivors (8192K)
 Metaspace       used 129168K, committed 131968K, reserved 1179648K
  class space    used 18278K, committed 19584K, reserved 1048576K
}
Event: 106.187 GC heap after
{Heap after GC invocations=78 (full 0):
 garbage-first heap   total reserved 8388608K, committed 339968K, used 169133K [0x0000000600000000, 0x0000000800000000)
  region size 4096K, 3 young (12288K), 3 survivors (12288K)
 Metaspace       used 129168K, committed 131968K, reserved 1179648K
  class space    used 18278K, committed 19584K, reserved 1048576K
}
Event: 111.558 GC heap before
{Heap before GC invocations=78 (full 0):
 garbage-first heap   total reserved 8388608K, committed 339968K, used 271533K [0x0000000600000000, 0x0000000800000000)
  region size 4096K, 28 young (114688K), 3 survivors (12288K)
 Metaspace       used 135747K, committed 138624K, reserved 1179648K
  class space    used 19021K, committed 20416K, reserved 1048576K
}
Event: 111.581 GC heap after
{Heap after GC invocations=79 (full 0):
 garbage-first heap   total reserved 8388608K, committed 339968K, used 179564K [0x0000000600000000, 0x0000000800000000)
  region size 4096K, 4 young (16384K), 4 survivors (16384K)
 Metaspace       used 135747K, committed 138624K, reserved 1179648K
  class space    used 19021K, committed 20416K, reserved 1048576K
}
Event: 113.848 GC heap before
{Heap before GC invocations=79 (full 0):
 garbage-first heap   total reserved 8388608K, committed 339968K, used 277868K [0x0000000600000000, 0x0000000800000000)
  region size 4096K, 29 young (118784K), 4 survivors (16384K)
 Metaspace       used 149392K, committed 152256K, reserved 1179648K
  class space    used 20395K, committed 21760K, reserved 1048576K
}
Event: 113.887 GC heap after
{Heap after GC invocations=80 (full 0):
 garbage-first heap   total reserved 8388608K, committed 339968K, used 184264K [0x0000000600000000, 0x0000000800000000)
  region size 4096K, 2 young (8192K), 2 survivors (8192K)
 Metaspace       used 149392K, committed 152256K, reserved 1179648K
  class space    used 20395K, committed 21760K, reserved 1048576K
}
Event: 117.268 GC heap before
{Heap before GC invocations=80 (full 0):
 garbage-first heap   total reserved 8388608K, committed 339968K, used 290760K [0x0000000600000000, 0x0000000800000000)
  region size 4096K, 28 young (114688K), 2 survivors (8192K)
 Metaspace       used 157960K, committed 160896K, reserved 1245184K
  class space    used 21635K, committed 23040K, reserved 1048576K
}
Event: 117.282 GC heap after
{Heap after GC invocations=81 (full 0):
 garbage-first heap   total reserved 8388608K, committed 339968K, used 186868K [0x0000000600000000, 0x0000000800000000)
  region size 4096K, 3 young (12288K), 3 survivors (12288K)
 Metaspace       used 157960K, committed 160896K, reserved 1245184K
  class space    used 21635K, committed 23040K, reserved 1048576K
}
Event: 120.839 GC heap before
{Heap before GC invocations=81 (full 0):
 garbage-first heap   total reserved 8388608K, committed 339968K, used 293364K [0x0000000600000000, 0x0000000800000000)
  region size 4096K, 29 young (118784K), 3 survivors (12288K)
 Metaspace       used 164342K, committed 167360K, reserved 1245184K
  class space    used 22536K, committed 24000K, reserved 1048576K
}
Event: 120.874 GC heap after
{Heap after GC invocations=82 (full 0):
 garbage-first heap   total reserved 8388608K, committed 339968K, used 182498K [0x0000000600000000, 0x0000000800000000)
  region size 4096K, 4 young (16384K), 4 survivors (16384K)
 Metaspace       used 164342K, committed 167360K, reserved 1245184K
  class space    used 22536K, committed 24000K, reserved 1048576K
}
Event: 127.464 GC heap before
{Heap before GC invocations=82 (full 0):
 garbage-first heap   total reserved 8388608K, committed 339968K, used 297186K [0x0000000600000000, 0x0000000800000000)
  region size 4096K, 32 young (131072K), 4 survivors (16384K)
 Metaspace       used 168559K, committed 171648K, reserved 1245184K
  class space    used 23111K, committed 24576K, reserved 1048576K
}
Event: 127.543 GC heap after
{Heap after GC invocations=83 (full 0):
 garbage-first heap   total reserved 8388608K, committed 339968K, used 191329K [0x0000000600000000, 0x0000000800000000)
  region size 4096K, 4 young (16384K), 4 survivors (16384K)
 Metaspace       used 168559K, committed 171648K, reserved 1245184K
  class space    used 23111K, committed 24576K, reserved 1048576K
}
Event: 134.684 GC heap before
{Heap before GC invocations=83 (full 0):
 garbage-first heap   total reserved 8388608K, committed 339968K, used 301921K [0x0000000600000000, 0x0000000800000000)
  region size 4096K, 31 young (126976K), 4 survivors (16384K)
 Metaspace       used 174849K, committed 177920K, reserved 1245184K
  class space    used 23997K, committed 25472K, reserved 1048576K
}
Event: 134.749 GC heap after
{Heap after GC invocations=84 (full 0):
 garbage-first heap   total reserved 8388608K, committed 339968K, used 200052K [0x0000000600000000, 0x0000000800000000)
  region size 4096K, 3 young (12288K), 3 survivors (12288K)
 Metaspace       used 174849K, committed 177920K, reserved 1245184K
  class space    used 23997K, committed 25472K, reserved 1048576K
}

